[00:32:37] ======================================================================
[00:32:37]   使用完整WikiText-103训练分词器（流式处理）
[00:32:37] ======================================================================
[00:32:37] 备份原分词器...
[00:32:37]   备份至: E:\Project\python\DSRA\models\bpe_tokenizer_backup_before_fulltrain.json
[00:32:37] 获取WikiText-103数据集路径...
[00:32:37]   训练集文件: E:\Project\python\DSRA\data\wikitext-103\wikitext-103\wiki.train.tokens
[00:32:37]   文件大小: 518.9MB
[00:32:37] 流式统计词频...
[00:32:38]   已处理 100,000 行, 18M 字符, 唯一词: 99,792
[00:32:39]   已处理 200,000 行, 36M 字符, 唯一词: 143,556
[00:32:41]   已处理 300,000 行, 54M 字符, 唯一词: 178,990
[00:32:42]   已处理 400,000 行, 72M 字符, 唯一词: 209,512
[00:32:43]   已处理 500,000 行, 90M 字符, 唯一词: 235,651
[00:32:44]   已处理 600,000 行, 108M 字符, 唯一词: 259,808
[00:32:45]   已处理 700,000 行, 127M 字符, 唯一词: 283,020
[00:32:46]   已处理 800,000 行, 145M 字符, 唯一词: 303,105
[00:32:47]   已处理 900,000 行, 163M 字符, 唯一词: 325,292
[00:32:48]   已处理 1,000,000 行, 182M 字符, 唯一词: 344,873
[00:32:49]   已处理 1,100,000 行, 199M 字符, 唯一词: 362,241
[00:32:50]   已处理 1,200,000 行, 218M 字符, 唯一词: 380,789
[00:32:51]   已处理 1,300,000 行, 236M 字符, 唯一词: 400,481
[00:32:53]   已处理 1,400,000 行, 255M 字符, 唯一词: 417,503
[00:32:54]   已处理 1,500,000 行, 273M 字符, 唯一词: 433,323
[00:32:55]   已处理 1,600,000 行, 291M 字符, 唯一词: 448,097
[00:32:56]   已处理 1,700,000 行, 309M 字符, 唯一词: 462,658
[00:32:57]   已处理 1,800,000 行, 327M 字符, 唯一词: 477,024
[00:32:58]   已处理 1,900,000 行, 346M 字符, 唯一词: 491,150
[00:32:59]   已处理 2,000,000 行, 364M 字符, 唯一词: 505,127
[00:33:00]   已处理 2,100,000 行, 382M 字符, 唯一词: 517,833
[00:33:01]   已处理 2,200,000 行, 400M 字符, 唯一词: 530,755
[00:33:02]   已处理 2,300,000 行, 419M 字符, 唯一词: 543,476
[00:33:04]   已处理 2,400,000 行, 437M 字符, 唯一词: 556,422
[00:33:05]   已处理 2,500,000 行, 455M 字符, 唯一词: 569,154
[00:33:06]   已处理 2,600,000 行, 473M 字符, 唯一词: 581,211
[00:33:07]   已处理 2,700,000 行, 492M 字符, 唯一词: 593,413
[00:33:08]   已处理 2,800,000 行, 510M 字符, 唯一词: 605,778
[00:33:09]   已处理 2,900,000 行, 528M 字符, 唯一词: 616,815
[00:33:10] 词频统计完成: 540,095,682 字符, 623,941 唯一词
[00:33:10] 创建tokenizer...
[00:33:10] 开始BPE训练...
[00:33:10] 初始词汇表: 6880
[00:33:13] 初始pair数: 35,775
[00:34:28]   Merge 2000/25120: ('▁dif', 'ficult') (freq=15,947)
[00:36:20]   Merge 4000/25120: ('▁b', 'ound') (freq=6,818)
[00:38:55]   Merge 6000/25120: ('▁bott', 'om') (freq=4,013)
[00:41:43]   Merge 8000/25120: ('▁d', 'ies') (freq=2,660)
[00:44:53]   Merge 10000/25120: ('uss', 'ion') (freq=1,898)
[00:48:21]   Merge 12000/25120: ('▁contrib', 'ute') (freq=1,431)
[00:52:06]   Merge 14000/25120: ('▁Columb', 'us') (freq=1,117)
[00:56:07]   Merge 16000/25120: ('▁h', 'iatus') (freq=897)
[01:00:20]   Merge 18000/25120: ('▁K', 'any') (freq=742)
[01:04:45]   Merge 20000/25120: ('▁N', 'os') (freq=627)
[01:09:20]   Merge 22000/25120: ('▁authent', 'icity') (freq=538)
[01:14:07]   Merge 24000/25120: ('▁m', 'att') (freq=461)
[01:16:49] 最终词汇表: 32,000
[01:16:49] ======================================================================
[01:16:49]   测试编码和解码
[01:16:49] ======================================================================
[01:16:49] 原文: The quick brown fox jumps over the lazy dog.
[01:16:49]   编码: 13 tokens, 压缩率: 3.38x
[01:16:49]   Token: <s>|▁The|▁quick|▁brown|▁fox|▁jumps|▁over|▁the|▁la|zy|▁dog|.|</s>
[01:16:49]   解码: The quick brown fox jumps over the lazy dog.
[01:16:49] 原文: Natural language processing with Deep Learning.
[01:16:49]   编码: 10 tokens, 压缩率: 4.70x
[01:16:49]   Token: <s>|▁Natural|▁language|▁processing|▁with|▁Deep|▁Lear|ning|.|</s>
[01:16:49]   解码: Natural language processing with Deep Learning.
[01:16:49] 原文: Machine Learning and Artificial Intelligence are related.
[01:16:49]   编码: 13 tokens, 压缩率: 4.38x
[01:16:49]   Token: <s>|▁Machine|▁Lear|ning|▁and|▁Art|ific|ial|▁Intelligence|▁are|▁related|.|</s>
[01:16:49]   解码: Machine Learning and Artificial Intelligence are related.
[01:16:49] 原文: Hello World! This is a test of proper casing.
[01:16:49]   编码: 14 tokens, 压缩率: 3.21x
[01:16:49]   Token: <s>|▁Hello|▁World|<unk>|▁This|▁is|▁a|▁test|▁of|▁proper|▁cas|ing|.|</s>
[01:16:49]   解码: Hello World This is a test of proper casing.
[01:16:49] 原文: Deep learning models achieve state-of-the-art results.
[01:16:49]   编码: 15 tokens, 压缩率: 3.60x
[01:16:49]   Token: <s>|▁Deep|▁learning|▁models|▁achieve|▁state|-|of|-|the|-|art|▁results|.|</s>
[01:16:49]   解码: Deep learning models achieve state-of-the-art results.
[01:16:49] ======================================================================
[01:16:49]   保存分词器
[01:16:49] ======================================================================
[01:16:50] 保存至: E:\Project\python\DSRA\models\bpe_tokenizer_full_wikitext103.json
[01:16:50] 更新默认: E:\Project\python\DSRA\models\bpe_tokenizer.json
[01:16:50] ======================================================================
[01:16:50]   验证大写支持
[01:16:50] ======================================================================
[01:16:50] 大写字母: 147 -> ['A', 'B', 'C', 'D', 'E', 'F', 'G', 'H', 'I', 'J']
[01:16:50] 小写字母: 499 -> ['a', 'b', 'c', 'd', 'e', 'f', 'g', 'h', 'i', 'j']
[01:16:50] ======================================================================
[01:16:50] ✅ 全量分词器训练完成！
[01:16:50]    训练数据: 540,095,682 字符
[01:16:50]    词汇表: 32,000 tokens
[01:16:50] ======================================================================
