
--- Running JSON Retrieval Generalization Test ---
Using device: cuda:0
Config | full_seq_len=32233 | answer_len=148 | dim=128 | K=128 | model_type=dsra
Case Pools | train=24 (seed=7) | val=6 (seed=108) | test=6 (seed=209)
Training Data | target_case_sampling_ratio=0.0 | disjoint_split=museum/artifact held-out
Pair Split | seed=310 | train_pairs=21 | val_pairs=7 | test_pairs=8
Local Context | mode=concat | size=4
Entity Span Loss | museum=1.0 | artifact=1.0 | min_context_bytes=0
Entity Auxiliary Loss | museum=0.0 | artifact=0.0 | min_context_bytes=0
Entity Hint Injection | museum=0.0 | artifact=0.0 | min_context_bytes=0
Entity Hint Training | use_gold_labels=False
Slot Decoder | loss_weight=0.0 | logit_bias=0.0 | min_context_bytes=0
Evidence Decoder | windows=16 | loss_weight=0.0 | hint_weight=0.0 | min_context_bytes=0
Selection Score Mode | mode=teacher_forced
Grid Search | epochs=[240] | kr=[32] | chunk_size=[256] | lr=[0.0005] | warmup_ratio=[0.2] | scheduled_sampling_max_ratio=[0.0]

=== Generalization Trial 1/1 | epochs=240 | kr=32 | chunk_size=256 | lr=5e-04 | warmup_ratio=0.2 | scheduled_sampling_max_ratio=0.0 ===
Curriculum | 2K(48) -> 4K(48) -> 8K(48) -> 16K(48) -> 32K(48)

--- Curriculum Stage 1/5 | context=2K | approx_train_seq_len=2264 | stage_epochs=48 | train_cases=24 ---
Epoch    1 | Stage:  2K | Loss: 5.8358 | Train Token Acc:   0.0% | Seq Acc:   0.0% | Prefix Match:   0 | LR: 2.08e-05 | SS Ratio: 0.00 | SS Tokens:  0 | Aux(M/A): 0.000/0.000 | Slot Loss: 0.000 | Evidence: 0.000/0 | Teacher Forced Exact Match: False
Epoch   10 | Stage:  2K | Loss: 5.3520 | Train Token Acc:   3.6% | Seq Acc:   3.6% | Prefix Match:   0 | LR: 1.15e-04 | SS Ratio: 0.00 | SS Tokens:  0 | Aux(M/A): 0.000/0.000 | Slot Loss: 0.000 | Evidence: 0.000/0 | Teacher Forced Exact Match: False
Epoch   20 | Stage:  2K | Loss: 4.6287 | Train Token Acc:  16.4% | Seq Acc:  16.4% | Prefix Match:   0 | LR: 2.19e-04 | SS Ratio: 0.00 | SS Tokens:  0 | Aux(M/A): 0.000/0.000 | Slot Loss: 0.000 | Evidence: 0.000/0 | Teacher Forced Exact Match: False
Epoch   30 | Stage:  2K | Loss: 3.9284 | Train Token Acc:  16.9% | Seq Acc:  16.9% | Prefix Match:   0 | LR: 3.23e-04 | SS Ratio: 0.00 | SS Tokens:  0 | Aux(M/A): 0.000/0.000 | Slot Loss: 0.000 | Evidence: 0.000/0 | Teacher Forced Exact Match: False
Epoch   40 | Stage:  2K | Loss: 3.4567 | Train Token Acc:  20.8% | Seq Acc:  20.8% | Prefix Match:   0 | LR: 4.27e-04 | SS Ratio: 0.00 | SS Tokens:  0 | Aux(M/A): 0.000/0.000 | Slot Loss: 0.000 | Evidence: 0.000/0 | Teacher Forced Exact Match: False
Epoch   48 | Stage:  2K | Loss: 2.8656 | Train Token Acc:  31.8% | Seq Acc:  31.8% | Prefix Match:   0 | LR: 5.00e-04 | SS Ratio: 0.00 | SS Tokens:  0 | Aux(M/A): 0.000/0.000 | Slot Loss: 0.000 | Evidence: 0.000/0 | Teacher Forced Exact Match: False

--- Curriculum Stage 2/5 | context=4K | approx_train_seq_len=4312 | stage_epochs=48 | train_cases=24 ---
Epoch   58 | Stage:  4K | Loss: 2.5200 | Train Token Acc:  35.2% | Seq Acc:  35.2% | Prefix Match:   1 | LR: 4.96e-04 | SS Ratio: 0.00 | SS Tokens:  0 | Aux(M/A): 0.000/0.000 | Slot Loss: 0.000 | Evidence: 0.000/0 | Teacher Forced Exact Match: False
Epoch   68 | Stage:  4K | Loss: 2.1432 | Train Token Acc:  49.2% | Seq Acc:  49.2% | Prefix Match:   5 | LR: 4.87e-04 | SS Ratio: 0.00 | SS Tokens:  0 | Aux(M/A): 0.000/0.000 | Slot Loss: 0.000 | Evidence: 0.000/0 | Teacher Forced Exact Match: False
Epoch   78 | Stage:  4K | Loss: 1.3702 | Train Token Acc:  67.6% | Seq Acc:  67.6% | Prefix Match:   5 | LR: 4.72e-04 | SS Ratio: 0.00 | SS Tokens:  0 | Aux(M/A): 0.000/0.000 | Slot Loss: 0.000 | Evidence: 0.000/0 | Teacher Forced Exact Match: False
Epoch   88 | Stage:  4K | Loss: 1.1003 | Train Token Acc:  75.0% | Seq Acc:  75.0% | Prefix Match:  33 | LR: 4.51e-04 | SS Ratio: 0.00 | SS Tokens:  0 | Aux(M/A): 0.000/0.000 | Slot Loss: 0.000 | Evidence: 0.000/0 | Teacher Forced Exact Match: False
Epoch   96 | Stage:  4K | Loss: 1.1289 | Train Token Acc:  72.0% | Seq Acc:  72.0% | Prefix Match:  33 | LR: 4.31e-04 | SS Ratio: 0.00 | SS Tokens:  0 | Aux(M/A): 0.000/0.000 | Slot Loss: 0.000 | Evidence: 0.000/0 | Teacher Forced Exact Match: False

--- Curriculum Stage 3/5 | context=8K | approx_train_seq_len=8408 | stage_epochs=48 | train_cases=24 ---
Epoch  106 | Stage:  8K | Loss: 1.0101 | Train Token Acc:  73.4% | Seq Acc:  73.4% | Prefix Match:  33 | LR: 4.03e-04 | SS Ratio: 0.00 | SS Tokens:  0 | Aux(M/A): 0.000/0.000 | Slot Loss: 0.000 | Evidence: 0.000/0 | Teacher Forced Exact Match: False
Epoch  116 | Stage:  8K | Loss: 0.9156 | Train Token Acc:  80.5% | Seq Acc:  80.5% | Prefix Match:  33 | LR: 3.71e-04 | SS Ratio: 0.00 | SS Tokens:  0 | Aux(M/A): 0.000/0.000 | Slot Loss: 0.000 | Evidence: 0.000/0 | Teacher Forced Exact Match: False
Epoch  126 | Stage:  8K | Loss: 0.9533 | Train Token Acc:  74.2% | Seq Acc:  74.2% | Prefix Match:  33 | LR: 3.37e-04 | SS Ratio: 0.00 | SS Tokens:  0 | Aux(M/A): 0.000/0.000 | Slot Loss: 0.000 | Evidence: 0.000/0 | Teacher Forced Exact Match: False
Epoch  136 | Stage:  8K | Loss: 0.7132 | Train Token Acc:  83.1% | Seq Acc:  83.1% | Prefix Match:  33 | LR: 3.01e-04 | SS Ratio: 0.00 | SS Tokens:  0 | Aux(M/A): 0.000/0.000 | Slot Loss: 0.000 | Evidence: 0.000/0 | Teacher Forced Exact Match: False
Epoch  144 | Stage:  8K | Loss: 0.6061 | Train Token Acc:  86.7% | Seq Acc:  86.7% | Prefix Match:  33 | LR: 2.71e-04 | SS Ratio: 0.00 | SS Tokens:  0 | Aux(M/A): 0.000/0.000 | Slot Loss: 0.000 | Evidence: 0.000/0 | Teacher Forced Exact Match: False

--- Curriculum Stage 4/5 | context=16K | approx_train_seq_len=16600 | stage_epochs=48 | train_cases=24 ---
Epoch  154 | Stage: 16K | Loss: 1.2715 | Train Token Acc:  67.1% | Seq Acc:  67.1% | Prefix Match:  33 | LR: 2.35e-04 | SS Ratio: 0.00 | SS Tokens:  0 | Aux(M/A): 0.000/0.000 | Slot Loss: 0.000 | Evidence: 0.000/0 | Teacher Forced Exact Match: False
Epoch  164 | Stage: 16K | Loss: 0.8375 | Train Token Acc:  80.6% | Seq Acc:  80.6% | Prefix Match:  33 | LR: 1.99e-04 | SS Ratio: 0.00 | SS Tokens:  0 | Aux(M/A): 0.000/0.000 | Slot Loss: 0.000 | Evidence: 0.000/0 | Teacher Forced Exact Match: False
Epoch  174 | Stage: 16K | Loss: 0.6806 | Train Token Acc:  86.9% | Seq Acc:  86.9% | Prefix Match:  33 | LR: 1.66e-04 | SS Ratio: 0.00 | SS Tokens:  0 | Aux(M/A): 0.000/0.000 | Slot Loss: 0.000 | Evidence: 0.000/0 | Teacher Forced Exact Match: False
Epoch  184 | Stage: 16K | Loss: 0.7460 | Train Token Acc:  81.8% | Seq Acc:  81.8% | Prefix Match:  33 | LR: 1.35e-04 | SS Ratio: 0.00 | SS Tokens:  0 | Aux(M/A): 0.000/0.000 | Slot Loss: 0.000 | Evidence: 0.000/0 | Teacher Forced Exact Match: False
Epoch  192 | Stage: 16K | Loss: 0.6581 | Train Token Acc:  83.7% | Seq Acc:  83.7% | Prefix Match:  33 | LR: 1.13e-04 | SS Ratio: 0.00 | SS Tokens:  0 | Aux(M/A): 0.000/0.000 | Slot Loss: 0.000 | Evidence: 0.000/0 | Teacher Forced Exact Match: False

--- Curriculum Stage 5/5 | context=32K | approx_train_seq_len=32216 | stage_epochs=48 | train_cases=24 ---
Epoch  202 | Stage: 32K | Loss: 0.7513 | Train Token Acc:  85.6% | Seq Acc:  85.6% | Prefix Match:  33 | LR: 9.00e-05 | SS Ratio: 0.00 | SS Tokens:  0 | Aux(M/A): 0.000/0.000 | Slot Loss: 0.000 | Evidence: 0.000/0 | Teacher Forced Exact Match: False
Epoch  212 | Stage: 32K | Loss: 0.6650 | Train Token Acc:  88.5% | Seq Acc:  88.5% | Prefix Match:  33 | LR: 7.16e-05 | SS Ratio: 0.00 | SS Tokens:  0 | Aux(M/A): 0.000/0.000 | Slot Loss: 0.000 | Evidence: 0.000/0 | Teacher Forced Exact Match: False
Epoch  222 | Stage: 32K | Loss: 0.6288 | Train Token Acc:  85.8% | Seq Acc:  85.8% | Prefix Match:  33 | LR: 5.86e-05 | SS Ratio: 0.00 | SS Tokens:  0 | Aux(M/A): 0.000/0.000 | Slot Loss: 0.000 | Evidence: 0.000/0 | Teacher Forced Exact Match: False
Epoch  232 | Stage: 32K | Loss: 0.3340 | Train Token Acc:  93.8% | Seq Acc:  93.8% | Prefix Match:  33 | LR: 5.15e-05 | SS Ratio: 0.00 | SS Tokens:  0 | Aux(M/A): 0.000/0.000 | Slot Loss: 0.000 | Evidence: 0.000/0 | Teacher Forced Exact Match: False
Epoch  240 | Stage: 32K | Loss: 0.3201 | Train Token Acc:  93.8% | Seq Acc:  93.8% | Prefix Match:  33 | LR: 5.00e-05 | SS Ratio: 0.00 | SS Tokens:  0 | Aux(M/A): 0.000/0.000 | Slot Loss: 0.000 | Evidence: 0.000/0 | Teacher Forced Exact Match: False
Validation | gen_exact=0.00% | tf_exact=0.00% | gen_seq_acc=30.96% | tf_seq_acc=80.35%
Test       | gen_exact=0.00% | tf_exact=0.00% | gen_seq_acc=31.59% | tf_seq_acc=76.52%

=== JSON Retrieval Generalization Result ===
Best Config | epochs=240 | kr=32 | chunk_size=256 | lr=5e-04 | warmup_ratio=0.2 | scheduled_sampling_max_ratio=0.0
Selection Score Mode: teacher_forced
Validation Generation Exact Match Rate: 0.00%
Validation Teacher-Forced Exact Match Rate: 0.00%
Test Generation Exact Match Rate: 0.00%
Test Teacher-Forced Exact Match Rate: 0.00%
