Traceback (most recent call last):
  File "e:\Project\python\DSRA\scripts\wrapped_train.py", line 18, in <module>
    pretrain_hybrid_model(
    ~~~~~~~~~~~~~~~~~~~~~^
        dim=256, n_layers=4, n_heads=4, slots=128, seq_len=512,
        ^^^^^^^^^^^^^^^^^^^^^^^^^^^^^^^^^^^^^^^^^^^^^^^^^^^^^^^
    ...<4 lines>...
        experiment_name=exp_name,
        ^^^^^^^^^^^^^^^^^^^^^^^^^
    )
    ^
  File "e:\Project\python\DSRA\scripts\pretrain_hybrid_lm.py", line 1075, in pretrain_hybrid_model
    train_loss, global_step, best_ppl = train_epoch(
                                        ~~~~~~~~~~~^
        model, train_loader, optimizer, scheduler, swanlab_run,
        ^^^^^^^^^^^^^^^^^^^^^^^^^^^^^^^^^^^^^^^^^^^^^^^^^^^^^^^
    ...<10 lines>...
        slots=slots, seq_len=seq_len,
        ^^^^^^^^^^^^^^^^^^^^^^^^^^^^^
    )
    ^
  File "e:\Project\python\DSRA\scripts\pretrain_hybrid_lm.py", line 670, in train_epoch
    scaler.scale(loss).backward()
    ~~~~~~~~~~~~~~~~~~~~~~~~~~~^^
  File "E:\Project\python\DSRA\.env\Lib\site-packages\torch\_tensor.py", line 631, in backward
    torch.autograd.backward(
    ~~~~~~~~~~~~~~~~~~~~~~~^
        self, gradient, retain_graph, create_graph, inputs=inputs
        ^^^^^^^^^^^^^^^^^^^^^^^^^^^^^^^^^^^^^^^^^^^^^^^^^^^^^^^^^
    )
    ^
  File "E:\Project\python\DSRA\.env\Lib\site-packages\torch\autograd\__init__.py", line 381, in backward
    _engine_run_backward(
    ~~~~~~~~~~~~~~~~~~~~^
        tensors,
        ^^^^^^^^
    ...<5 lines>...
        accumulate_grad=True,
        ^^^^^^^^^^^^^^^^^^^^^
    )
    ^
  File "E:\Project\python\DSRA\.env\Lib\site-packages\torch\autograd\graph.py", line 869, in _engine_run_backward
    return Variable._execution_engine.run_backward(  # Calls into the C++ engine to run the backward pass
           ~~~~~~~~~~~~~~~~~~~~~~~~~~~~~~~~~~~~~~~^^^^^^^^^^^^^^^^^^^^^^^^^^^^^^^^^^^^^^^^^^^^^^^^^^^^^^^
        t_outputs, *args, **kwargs
        ^^^^^^^^^^^^^^^^^^^^^^^^^^
    )  # Calls into the C++ engine to run the backward pass
    ^
torch.AcceleratorError: CUDA error: out of memory
Search for `cudaErrorMemoryAllocation' in https://docs.nvidia.com/cuda/cuda-runtime-api/group__CUDART__TYPES.html for more information.
CUDA kernel errors might be asynchronously reported at some other API call, so the stacktrace below might be incorrect.
For debugging consider passing CUDA_LAUNCH_BLOCKING=1
Compile with `TORCH_USE_CUDA_DSA` to enable device-side assertions.

