
--- Running JSON Retrieval Generalization Test ---
Using device: cuda:0
Config | full_seq_len=32233 | answer_len=148 | dim=128 | K=128 | model_type=standard_attention
Case Pools | train=24 (seed=11) | val=6 (seed=112) | test=6 (seed=213)
Training Data | target_case_sampling_ratio=0.0 | disjoint_split=museum/artifact held-out
Pair Split | seed=314 | train_pairs=21 | val_pairs=7 | test_pairs=8
Local Context | mode=concat | size=4
Entity Span Loss | museum=1.0 | artifact=1.0 | min_context_bytes=0
Entity Auxiliary Loss | museum=0.0 | artifact=0.0 | min_context_bytes=0
Entity Hint Injection | museum=0.0 | artifact=0.0 | min_context_bytes=0
Entity Hint Training | use_gold_labels=False
Slot Decoder | loss_weight=0.0 | logit_bias=0.0 | min_context_bytes=0
Evidence Decoder | windows=16 | loss_weight=0.5 | hint_weight=0.0 | min_context_bytes=16384
Selection Score Mode | mode=teacher_forced
Grid Search | epochs=[240] | kr=[32] | chunk_size=[256] | lr=[0.0005] | warmup_ratio=[0.2] | scheduled_sampling_max_ratio=[0.0]

=== Generalization Trial 1/1 | epochs=240 | kr=32 | chunk_size=256 | lr=5e-04 | warmup_ratio=0.2 | scheduled_sampling_max_ratio=0.0 ===
Curriculum | 2K(48) -> 4K(48) -> 8K(48) -> 16K(48) -> 32K(48)

--- Curriculum Stage 1/5 | context=2K | approx_train_seq_len=2246 | stage_epochs=48 | train_cases=24 ---
Epoch    1 | Stage:  2K | Loss: 5.8788 | Train Token Acc:   0.0% | Seq Acc:   0.0% | Prefix Match:   0 | LR: 2.08e-05 | SS Ratio: 0.00 | SS Tokens:  0 | Aux(M/A): 0.000/0.000 | Slot Loss: 0.000 | Evidence: 0.000/0 | Teacher Forced Exact Match: False
Epoch   10 | Stage:  2K | Loss: 5.3528 | Train Token Acc:   0.0% | Seq Acc:   0.0% | Prefix Match:   0 | LR: 1.15e-04 | SS Ratio: 0.00 | SS Tokens:  0 | Aux(M/A): 0.000/0.000 | Slot Loss: 0.000 | Evidence: 0.000/0 | Teacher Forced Exact Match: False
Epoch   20 | Stage:  2K | Loss: 4.5213 | Train Token Acc:  16.7% | Seq Acc:  16.7% | Prefix Match:   0 | LR: 2.19e-04 | SS Ratio: 0.00 | SS Tokens:  0 | Aux(M/A): 0.000/0.000 | Slot Loss: 0.000 | Evidence: 0.000/0 | Teacher Forced Exact Match: False
Epoch   30 | Stage:  2K | Loss: 3.8885 | Train Token Acc:  16.4% | Seq Acc:  16.4% | Prefix Match:   0 | LR: 3.23e-04 | SS Ratio: 0.00 | SS Tokens:  0 | Aux(M/A): 0.000/0.000 | Slot Loss: 0.000 | Evidence: 0.000/0 | Teacher Forced Exact Match: False
Epoch   40 | Stage:  2K | Loss: 3.3137 | Train Token Acc:  23.9% | Seq Acc:  23.9% | Prefix Match:   0 | LR: 4.27e-04 | SS Ratio: 0.00 | SS Tokens:  0 | Aux(M/A): 0.000/0.000 | Slot Loss: 0.000 | Evidence: 0.000/0 | Teacher Forced Exact Match: False
Epoch   48 | Stage:  2K | Loss: 2.8026 | Train Token Acc:  29.8% | Seq Acc:  29.8% | Prefix Match:   0 | LR: 5.00e-04 | SS Ratio: 0.00 | SS Tokens:  0 | Aux(M/A): 0.000/0.000 | Slot Loss: 0.000 | Evidence: 0.000/0 | Teacher Forced Exact Match: False

--- Curriculum Stage 2/5 | context=4K | approx_train_seq_len=4294 | stage_epochs=48 | train_cases=24 ---
Epoch   58 | Stage:  4K | Loss: 2.4981 | Train Token Acc:  38.3% | Seq Acc:  38.3% | Prefix Match:   0 | LR: 4.96e-04 | SS Ratio: 0.00 | SS Tokens:  0 | Aux(M/A): 0.000/0.000 | Slot Loss: 0.000 | Evidence: 0.000/0 | Teacher Forced Exact Match: False
Epoch   68 | Stage:  4K | Loss: 2.0576 | Train Token Acc:  47.4% | Seq Acc:  47.4% | Prefix Match:   0 | LR: 4.87e-04 | SS Ratio: 0.00 | SS Tokens:  0 | Aux(M/A): 0.000/0.000 | Slot Loss: 0.000 | Evidence: 0.000/0 | Teacher Forced Exact Match: False
Epoch   78 | Stage:  4K | Loss: 1.9455 | Train Token Acc:  52.5% | Seq Acc:  52.5% | Prefix Match:   0 | LR: 4.72e-04 | SS Ratio: 0.00 | SS Tokens:  0 | Aux(M/A): 0.000/0.000 | Slot Loss: 0.000 | Evidence: 0.000/0 | Teacher Forced Exact Match: False
Epoch   88 | Stage:  4K | Loss: 1.5489 | Train Token Acc:  57.0% | Seq Acc:  57.0% | Prefix Match:   0 | LR: 4.51e-04 | SS Ratio: 0.00 | SS Tokens:  0 | Aux(M/A): 0.000/0.000 | Slot Loss: 0.000 | Evidence: 0.000/0 | Teacher Forced Exact Match: False
Epoch   96 | Stage:  4K | Loss: 1.3028 | Train Token Acc:  65.5% | Seq Acc:  65.5% | Prefix Match:   6 | LR: 4.31e-04 | SS Ratio: 0.00 | SS Tokens:  0 | Aux(M/A): 0.000/0.000 | Slot Loss: 0.000 | Evidence: 0.000/0 | Teacher Forced Exact Match: False

--- Curriculum Stage 3/5 | context=8K | approx_train_seq_len=8390 | stage_epochs=48 | train_cases=24 ---
Epoch  106 | Stage:  8K | Loss: 1.5889 | Train Token Acc:  64.4% | Seq Acc:  64.4% | Prefix Match:   9 | LR: 4.03e-04 | SS Ratio: 0.00 | SS Tokens:  0 | Aux(M/A): 0.000/0.000 | Slot Loss: 0.000 | Evidence: 0.000/0 | Teacher Forced Exact Match: False
Epoch  116 | Stage:  8K | Loss: 1.0977 | Train Token Acc:  74.4% | Seq Acc:  74.4% | Prefix Match:   6 | LR: 3.71e-04 | SS Ratio: 0.00 | SS Tokens:  0 | Aux(M/A): 0.000/0.000 | Slot Loss: 0.000 | Evidence: 0.000/0 | Teacher Forced Exact Match: False
Epoch  126 | Stage:  8K | Loss: 1.2497 | Train Token Acc:  70.5% | Seq Acc:  70.5% | Prefix Match:  33 | LR: 3.37e-04 | SS Ratio: 0.00 | SS Tokens:  0 | Aux(M/A): 0.000/0.000 | Slot Loss: 0.000 | Evidence: 0.000/0 | Teacher Forced Exact Match: False
Epoch  136 | Stage:  8K | Loss: 0.8615 | Train Token Acc:  82.3% | Seq Acc:  82.3% | Prefix Match:  33 | LR: 3.01e-04 | SS Ratio: 0.00 | SS Tokens:  0 | Aux(M/A): 0.000/0.000 | Slot Loss: 0.000 | Evidence: 0.000/0 | Teacher Forced Exact Match: False
Epoch  144 | Stage:  8K | Loss: 0.6953 | Train Token Acc:  87.0% | Seq Acc:  87.0% | Prefix Match:  33 | LR: 2.71e-04 | SS Ratio: 0.00 | SS Tokens:  0 | Aux(M/A): 0.000/0.000 | Slot Loss: 0.000 | Evidence: 0.000/0 | Teacher Forced Exact Match: False

--- Curriculum Stage 4/5 | context=16K | approx_train_seq_len=16582 | stage_epochs=48 | train_cases=24 ---
Epoch  154 | Stage: 16K | Loss: 2.1950 | Train Token Acc:  82.5% | Seq Acc:  82.5% | Prefix Match:  33 | LR: 2.35e-04 | SS Ratio: 0.00 | SS Tokens:  0 | Aux(M/A): 0.000/0.000 | Slot Loss: 0.000 | Evidence: 2.740/0 | Teacher Forced Exact Match: False
Epoch  164 | Stage: 16K | Loss: 2.3044 | Train Token Acc:  80.3% | Seq Acc:  80.3% | Prefix Match:  33 | LR: 1.99e-04 | SS Ratio: 0.00 | SS Tokens:  0 | Aux(M/A): 0.000/0.000 | Slot Loss: 0.000 | Evidence: 2.832/0 | Teacher Forced Exact Match: False
Epoch  174 | Stage: 16K | Loss: 2.7198 | Train Token Acc:  68.8% | Seq Acc:  68.8% | Prefix Match:  33 | LR: 1.66e-04 | SS Ratio: 0.00 | SS Tokens:  0 | Aux(M/A): 0.000/0.000 | Slot Loss: 0.000 | Evidence: 2.656/1 | Teacher Forced Exact Match: False
Epoch  184 | Stage: 16K | Loss: 2.1932 | Train Token Acc:  79.5% | Seq Acc:  79.5% | Prefix Match:  33 | LR: 1.35e-04 | SS Ratio: 0.00 | SS Tokens:  0 | Aux(M/A): 0.000/0.000 | Slot Loss: 0.000 | Evidence: 2.655/0 | Teacher Forced Exact Match: False
Epoch  192 | Stage: 16K | Loss: 2.8243 | Train Token Acc:  68.8% | Seq Acc:  68.8% | Prefix Match:  33 | LR: 1.13e-04 | SS Ratio: 0.00 | SS Tokens:  0 | Aux(M/A): 0.000/0.000 | Slot Loss: 0.000 | Evidence: 2.769/0 | Teacher Forced Exact Match: False

--- Curriculum Stage 5/5 | context=32K | approx_train_seq_len=32198 | stage_epochs=48 | train_cases=24 ---
Epoch  202 | Stage: 32K | Loss: 2.0199 | Train Token Acc:  83.6% | Seq Acc:  83.6% | Prefix Match:  33 | LR: 9.00e-05 | SS Ratio: 0.00 | SS Tokens:  0 | Aux(M/A): 0.000/0.000 | Slot Loss: 0.000 | Evidence: 2.585/0 | Teacher Forced Exact Match: False
Epoch  212 | Stage: 32K | Loss: 2.0821 | Train Token Acc:  84.4% | Seq Acc:  84.4% | Prefix Match:  33 | LR: 7.16e-05 | SS Ratio: 0.00 | SS Tokens:  0 | Aux(M/A): 0.000/0.000 | Slot Loss: 0.000 | Evidence: 2.541/1 | Teacher Forced Exact Match: False
Epoch  222 | Stage: 32K | Loss: 2.1037 | Train Token Acc:  82.1% | Seq Acc:  82.1% | Prefix Match:  33 | LR: 5.86e-05 | SS Ratio: 0.00 | SS Tokens:  0 | Aux(M/A): 0.000/0.000 | Slot Loss: 0.000 | Evidence: 2.712/0 | Teacher Forced Exact Match: False
Epoch  232 | Stage: 32K | Loss: 1.7702 | Train Token Acc:  91.2% | Seq Acc:  91.2% | Prefix Match:  33 | LR: 5.15e-05 | SS Ratio: 0.00 | SS Tokens:  0 | Aux(M/A): 0.000/0.000 | Slot Loss: 0.000 | Evidence: 2.492/1 | Teacher Forced Exact Match: False
Epoch  240 | Stage: 32K | Loss: 1.7220 | Train Token Acc:  91.2% | Seq Acc:  91.2% | Prefix Match:  33 | LR: 5.00e-05 | SS Ratio: 0.00 | SS Tokens:  0 | Aux(M/A): 0.000/0.000 | Slot Loss: 0.000 | Evidence: 2.358/1 | Teacher Forced Exact Match: False
Validation | gen_exact=0.00% | tf_exact=0.00% | gen_seq_acc=31.35% | tf_seq_acc=76.45%
Test       | gen_exact=0.00% | tf_exact=0.00% | gen_seq_acc=31.05% | tf_seq_acc=79.31%

=== JSON Retrieval Generalization Result ===
Best Config | epochs=240 | kr=32 | chunk_size=256 | lr=5e-04 | warmup_ratio=0.2 | scheduled_sampling_max_ratio=0.0
Selection Score Mode: teacher_forced
Validation Generation Exact Match Rate: 0.00%
Validation Teacher-Forced Exact Match Rate: 0.00%
Test Generation Exact Match Rate: 0.00%
Test Teacher-Forced Exact Match Rate: 0.00%
